#! /usr/local/bin/vvp
:ivl_version "10.1 (stable)" "(v10_1-107-gab6ae79)";
:ivl_delay_selection "TYPICAL";
:vpi_time_precision + 0;
:vpi_module "system";
:vpi_module "vhdl_sys";
:vpi_module "v2005_math";
:vpi_module "va_math";
S_0x21f1e30 .scope module, "behavioralFullAdder" "behavioralFullAdder" 2 3;
 .timescale 0 0;
    .port_info 0 /OUTPUT 1 "sum"
    .port_info 1 /OUTPUT 1 "carryout"
    .port_info 2 /INPUT 1 "a"
    .port_info 3 /INPUT 1 "b"
    .port_info 4 /INPUT 1 "carryin"
L_0x7f2042731060 .functor BUFT 1, C4<0>, C4<0>, C4<0>, C4<0>;
v0x2212870_0 .net *"_s10", 0 0, L_0x7f2042731060;  1 drivers
v0x22241b0_0 .net *"_s11", 1 0, L_0x2225880;  1 drivers
v0x2224290_0 .net *"_s13", 1 0, L_0x2225a30;  1 drivers
L_0x7f20427310a8 .functor BUFT 1, C4<0>, C4<0>, C4<0>, C4<0>;
v0x2224380_0 .net *"_s16", 0 0, L_0x7f20427310a8;  1 drivers
v0x2224460_0 .net *"_s17", 1 0, L_0x2225b90;  1 drivers
v0x2224590_0 .net *"_s3", 1 0, L_0x22255b0;  1 drivers
L_0x7f2042731018 .functor BUFT 1, C4<0>, C4<0>, C4<0>, C4<0>;
v0x2224670_0 .net *"_s6", 0 0, L_0x7f2042731018;  1 drivers
v0x2224750_0 .net *"_s7", 1 0, L_0x2225700;  1 drivers
o0x7f204277a198 .functor BUFZ 1, C4<z>; HiZ drive
v0x2224830_0 .net "a", 0 0, o0x7f204277a198;  0 drivers
o0x7f204277a1c8 .functor BUFZ 1, C4<z>; HiZ drive
v0x2224980_0 .net "b", 0 0, o0x7f204277a1c8;  0 drivers
o0x7f204277a1f8 .functor BUFZ 1, C4<z>; HiZ drive
v0x2224a40_0 .net "carryin", 0 0, o0x7f204277a1f8;  0 drivers
v0x2224b00_0 .net "carryout", 0 0, L_0x22253c0;  1 drivers
v0x2224bc0_0 .net "sum", 0 0, L_0x2225490;  1 drivers
L_0x22253c0 .part L_0x2225b90, 1, 1;
L_0x2225490 .part L_0x2225b90, 0, 1;
L_0x22255b0 .concat [ 1 1 0 0], o0x7f204277a198, L_0x7f2042731018;
L_0x2225700 .concat [ 1 1 0 0], o0x7f204277a1c8, L_0x7f2042731060;
L_0x2225880 .arith/sum 2, L_0x22255b0, L_0x2225700;
L_0x2225a30 .concat [ 1 1 0 0], o0x7f204277a1f8, L_0x7f20427310a8;
L_0x2225b90 .arith/sum 2, L_0x2225880, L_0x2225a30;
S_0x2212640 .scope module, "structuralFullAdder" "structuralFullAdder" 2 15;
 .timescale 0 0;
    .port_info 0 /OUTPUT 1 "sum"
    .port_info 1 /OUTPUT 1 "carryout"
    .port_info 2 /INPUT 1 "a"
    .port_info 3 /INPUT 1 "b"
    .port_info 4 /INPUT 1 "carryin"
o0x7f204277a378 .functor BUFZ 1, C4<z>; HiZ drive
o0x7f204277a3a8 .functor BUFZ 1, C4<z>; HiZ drive
L_0x2225920 .functor XOR 1, o0x7f204277a378, o0x7f204277a3a8, C4<0>, C4<0>;
o0x7f204277a408 .functor BUFZ 1, C4<z>; HiZ drive
L_0x2225cd0 .functor XOR 1, L_0x2225920, o0x7f204277a408, C4<0>, C4<0>;
L_0x2225dc0 .functor AND 1, L_0x2225920, o0x7f204277a408, C4<1>, C4<1>;
L_0x2225eb0 .functor AND 1, o0x7f204277a378, o0x7f204277a3a8, C4<1>, C4<1>;
L_0x2225fc0 .functor OR 1, L_0x2225dc0, L_0x2225eb0, C4<0>, C4<0>;
v0x2224d20_0 .net "a", 0 0, o0x7f204277a378;  0 drivers
v0x2224e00_0 .net "b", 0 0, o0x7f204277a3a8;  0 drivers
v0x2224ec0_0 .net "c", 0 0, L_0x2225920;  1 drivers
v0x2224f60_0 .net "carryin", 0 0, o0x7f204277a408;  0 drivers
v0x2225020_0 .net "carryout", 0 0, L_0x2225fc0;  1 drivers
v0x22250e0_0 .net "d", 0 0, L_0x2225dc0;  1 drivers
v0x22251a0_0 .net "e", 0 0, L_0x2225eb0;  1 drivers
v0x2225260_0 .net "sum", 0 0, L_0x2225cd0;  1 drivers
# The file index is used to find the file name in the following table.
:file_names 3;
    "N/A";
    "<interactive>";
    "adder.v";
